<?xml version='1.0' encoding='UTF-8'?>
<hotspot_log version='160 1' process='284936' time_ms='1630431059961'>
<vm_version>
<name>
Java HotSpot(TM) 64-Bit Server VM
</name>
<release>
25.301-b09
</release>
<info>
Java HotSpot(TM) 64-Bit Server VM (25.301-b09) for windows-amd64 JRE (1.8.0_301-b09), built on Jun  9 2021 06:46:21 by &quot;java_re&quot; with MS VC++ 15.9 (VS2017)
</info>
</vm_version>
<vm_arguments>
<args>
-XX:+UnlockDiagnosticVMOptions -XX:+TraceClassLoading -XX:+TieredCompilation -XX:+LogCompilation -XX:+PrintAssembly -javaagent:C:\Program Files\JetBrains\IntelliJ IDEA Educational Edition 2020.1.2\lib\idea_rt.jar=51855:C:\Program Files\JetBrains\IntelliJ IDEA Educational Edition 2020.1.2\bin -Dfile.encoding=UTF-8 
</args>
<command>
com.udemyforbusiness.threads.algorithms.CyclicBarrierSample
</command>
<launcher>
SUN_STANDARD
</launcher>
<properties>
java.vm.specification.name=Java Virtual Machine Specification
java.vm.version=25.301-b09
java.vm.name=Java HotSpot(TM) 64-Bit Server VM
java.vm.info=mixed mode, sharing
java.ext.dirs=C:\Program Files\Java\jdk1.8.0_301\jre\lib\ext;C:\WINDOWS\Sun\Java\lib\ext
java.endorsed.dirs=C:\Program Files\Java\jdk1.8.0_301\jre\lib\endorsed
sun.boot.library.path=C:\Program Files\Java\jdk1.8.0_301\jre\bin
java.library.path=C:\Program Files\Java\jdk1.8.0_301\bin;C:\WINDOWS\Sun\Java\bin;C:\WINDOWS\system32;C:\WINDOWS;C:\Program Files\Common Files\Oracle\Java\javapath;C:\Program Files (x86)\Common Files\Oracle\Java\javapath;C:\Program Files\Java\jdk-13.0.2\bin\;C:\WINDOWS\system32;C:\WINDOWS;C:\WINDOWS\System32\Wbem;C:\WINDOWS\System32\WindowsPowerShell\v1.0\;C:\WINDOWS\System32\OpenSSH\;C:\Program Files\Intel\WiFi\bin\;C:\Program Files\Common Files\Intel\WirelessCommon\;C:\Go\bin;C:\Program Files (x86)\Calibre2\;C:\Program Files\Git\cmd;C:\Program Files\dotnet\;C:\Program Files (x86)\GtkSharp\2.12\bin;C:\Program Files\Docker\Docker\resources\bin;C:\ProgramData\DockerDesktop\version-bin;C:\Program Files\AMD\AMDuProf\bin;C:\Program Files\nodejs\;C:\ProgramData\chocolatey\bin;C:\Users\praka\anaconda3;C:\Users\praka\anaconda3\Library\mingw-w64\bin;C:\Users\praka\anaconda3\Library\usr\bin;C:\Users\praka\anaconda3\Library\bin;C:\Users\praka\anaconda3\Scripts;C:\Users\praka\AppData\Local\Microsoft\WindowsApps;C:\Program Files\JetBrains\IntelliJ IDEA Community Edition 2019.3.3\bin;C:\Users\praka\AppData\Local\atom\bin;%IntelliJ IDEA Educational Edition%;%IntelliJ IDEA Community Edition%;C:\Users\praka\go\bin;C:\Users\praka\AppData\Local\Microsoft\WindowsApps;C:\Users\praka\AppData\Local\Programs\Microsoft VS Code\bin;C:\Users\praka\Documents\apache-maven-3.8.1-bin\apache-maven-3.8.1\bin;c:\Program Files\Java\jdk-11.0.11\\bin;C:\mingw-w64\i686-8.1.0-posix-dwarf-rt_v6-rev0\mingw32\bin;C:\Users\praka\.dotnet\tools;C:\Users\praka\AppData\Local\GitHubDesktop\bin;C:\Users\praka\AppData\Roaming\npm;.
java.home=C:\Program Files\Java\jdk1.8.0_301\jre
java.class.path=C:\Program Files\Java\jdk1.8.0_301\jre\lib\charsets.jar;C:\Program Files\Java\jdk1.8.0_301\jre\lib\deploy.jar;C:\Program Files\Java\jdk1.8.0_301\jre\lib\ext\access-bridge-64.jar;C:\Program Files\Java\jdk1.8.0_301\jre\lib\ext\cldrdata.jar;C:\Program Files\Java\jdk1.8.0_301\jre\lib\ext\dnsns.jar;C:\Program Files\Java\jdk1.8.0_301\jre\lib\ext\jaccess.jar;C:\Program Files\Java\jdk1.8.0_301\jre\lib\ext\jfxrt.jar;C:\Program Files\Java\jdk1.8.0_301\jre\lib\ext\localedata.jar;C:\Program Files\Java\jdk1.8.0_301\jre\lib\ext\nashorn.jar;C:\Program Files\Java\jdk1.8.0_301\jre\lib\ext\sunec.jar;C:\Program Files\Java\jdk1.8.0_301\jre\lib\ext\sunjce_provider.jar;C:\Program Files\Java\jdk1.8.0_301\jre\lib\ext\sunmscapi.jar;C:\Program Files\Java\jdk1.8.0_301\jre\lib\ext\sunpkcs11.jar;C:\Program Files\Java\jdk1.8.0_301\jre\lib\ext\zipfs.jar;C:\Program Files\Java\jdk1.8.0_301\jre\lib\javaws.jar;C:\Program Files\Java\jdk1.8.0_301\jre\lib\jce.jar;C:\Program Files\Java\jdk1.8.0_301\jre\lib\jfr.jar;C:\Program Files\Java\jdk1.8.0_301\jre\lib\jfxswt.jar;C:\Program Files\Java\jdk1.8.0_301\jre\lib\jsse.jar;C:\Program Files\Java\jdk1.8.0_301\jre\lib\management-agent.jar;C:\Program Files\Java\jdk1.8.0_301\jre\lib\plugin.jar;C:\Program Files\Java\jdk1.8.0_301\jre\lib\resources.jar;C:\Program Files\Java\jdk1.8.0_301\jre\lib\rt.jar;C:\Users\praka\Projects-GFG\ds-algo\target\classes;C:\Users\praka\.m2\repository\org\springframework\boot\spring-boot-starter\2.5.2\spring-boot-starter-2.5.2.jar;C:\Users\praka\.m2\repository\org\springframework\boot\spring-boot\2.5.2\spring-boot-2.5.2.jar;C:\Users\praka\.m2\repository\org\springframework\spring-context\5.3.8\spring-context-5.3.8.jar;C:\Users\praka\.m2\repository\org\springframework\spring-aop\5.3.8\spring-aop-5.3.8.jar;C:\Users\praka\.m2\repository\org\springframework\spring-beans\5.3.8\spring-beans-5.3.8.jar;C:\Users\praka\.m2\repository\org\springframework\spring-expression\5.3.8\spring-expression-5.3.8.jar;C:\Users\praka\.m2\reposi
sun.boot.class.path=C:\Program Files\Java\jdk1.8.0_301\jre\lib\resources.jar;C:\Program Files\Java\jdk1.8.0_301\jre\lib\rt.jar;C:\Program Files\Java\jdk1.8.0_301\jre\lib\sunrsasign.jar;C:\Program Files\Java\jdk1.8.0_301\jre\lib\jsse.jar;C:\Program Files\Java\jdk1.8.0_301\jre\lib\jce.jar;C:\Program Files\Java\jdk1.8.0_301\jre\lib\charsets.jar;C:\Program Files\Java\jdk1.8.0_301\jre\lib\jfr.jar;C:\Program Files\Java\jdk1.8.0_301\jre\classes
java.vm.specification.vendor=Oracle Corporation
java.vm.specification.version=1.8
java.vm.vendor=Oracle Corporation
file.encoding=UTF-8
sun.java.command=com.udemyforbusiness.threads.algorithms.CyclicBarrierSample
sun.java.launcher=SUN_STANDARD
</properties>
</vm_arguments>
<tty>
<writer thread='284992'/>
[Opened C:\Program Files\Java\jdk1.8.0_301\jre\lib\rt.jar]
[Loaded java.lang.Object from C:\Program Files\Java\jdk1.8.0_301\jre\lib\rt.jar]
[Loaded java.io.Serializable from C:\Program Files\Java\jdk1.8.0_301\jre\lib\rt.jar]
[Loaded java.lang.Comparable from C:\Program Files\Java\jdk1.8.0_301\jre\lib\rt.jar]
[Loaded java.lang.CharSequence from C:\Program Files\Java\jdk1.8.0_301\jre\lib\rt.jar]
[Loaded java.lang.String from C:\Program Files\Java\jdk1.8.0_301\jre\lib\rt.jar]
[Loaded java.lang.reflect.AnnotatedElement from C:\Program Files\Java\jdk1.8.0_301\jre\lib\rt.jar]
[Loaded java.lang.reflect.GenericDeclaration from C:\Program Files\Java\jdk1.8.0_301\jre\lib\rt.jar]
[Loaded java.lang.reflect.Type from C:\Program Files\Java\jdk1.8.0_301\jre\lib\rt.jar]
[Loaded java.lang.Class from C:\Program Files\Java\jdk1.8.0_301\jre\lib\rt.jar]
[Loaded java.lang.Cloneable from C:\Program Files\Java\jdk1.8.0_301\jre\lib\rt.jar]
[Loaded java.lang.ClassLoader from C:\Program Files\Java\jdk1.8.0_301\jre\lib\rt.jar]
[Loaded java.lang.System from C:\Program Files\Java\jdk1.8.0_301\jre\lib\rt.jar]
[Loaded java.lang.Throwable from C:\Program Files\Java\jdk1.8.0_301\jre\lib\rt.jar]
[Loaded java.lang.Error from C:\Program Files\Java\jdk1.8.0_301\jre\lib\rt.jar]
[Loaded java.lang.ThreadDeath from C:\Program Files\Java\jdk1.8.0_301\jre\lib\rt.jar]
[Loaded java.lang.Exception from C:\Program Files\Java\jdk1.8.0_301\jre\lib\rt.jar]
[Loaded java.lang.RuntimeException from C:\Program Files\Java\jdk1.8.0_301\jre\lib\rt.jar]
[Loaded java.lang.SecurityManager from C:\Program Files\Java\jdk1.8.0_301\jre\lib\rt.jar]
[Loaded java.security.ProtectionDomain from C:\Program Files\Java\jdk1.8.0_301\jre\lib\rt.jar]
[Loaded java.security.AccessControlContext from C:\Program Files\Java\jdk1.8.0_301\jre\lib\rt.jar]
[Loaded java.security.SecureClassLoader from C:\Program Files\Java\jdk1.8.0_301\jre\lib\rt.jar]
[Loaded java.lang.ReflectiveOperationException from C:\Program Files\Java\jdk1.8.0_301\jre\lib\rt.jar]
[Loaded java.lang.ClassNotFoundException from C:\Program Files\Java\jdk1.8.0_301\jre\lib\rt.jar]
[Loaded java.lang.LinkageError from C:\Program Files\Java\jdk1.8.0_301\jre\lib\rt.jar]
[Loaded java.lang.NoClassDefFoundError from C:\Program Files\Java\jdk1.8.0_301\jre\lib\rt.jar]
[Loaded java.lang.ClassCastException from C:\Program Files\Java\jdk1.8.0_301\jre\lib\rt.jar]
[Loaded java.lang.ArrayStoreException from C:\Program Files\Java\jdk1.8.0_301\jre\lib\rt.jar]
[Loaded java.lang.VirtualMachineError from C:\Program Files\Java\jdk1.8.0_301\jre\lib\rt.jar]
[Loaded java.lang.OutOfMemoryError from C:\Program Files\Java\jdk1.8.0_301\jre\lib\rt.jar]
[Loaded java.lang.StackOverflowError from C:\Program Files\Java\jdk1.8.0_301\jre\lib\rt.jar]
[Loaded java.lang.IllegalMonitorStateException from C:\Program Files\Java\jdk1.8.0_301\jre\lib\rt.jar]
[Loaded java.lang.ref.Reference from C:\Program Files\Java\jdk1.8.0_301\jre\lib\rt.jar]
[Loaded java.lang.ref.SoftReference from C:\Program Files\Java\jdk1.8.0_301\jre\lib\rt.jar]
[Loaded java.lang.ref.WeakReference from C:\Program Files\Java\jdk1.8.0_301\jre\lib\rt.jar]
[Loaded java.lang.ref.FinalReference from C:\Program Files\Java\jdk1.8.0_301\jre\lib\rt.jar]
[Loaded java.lang.ref.PhantomReference from C:\Program Files\Java\jdk1.8.0_301\jre\lib\rt.jar]
[Loaded sun.misc.Cleaner from C:\Program Files\Java\jdk1.8.0_301\jre\lib\rt.jar]
[Loaded java.lang.ref.Finalizer from C:\Program Files\Java\jdk1.8.0_301\jre\lib\rt.jar]
[Loaded java.lang.ref.ReferenceQueue from C:\Program Files\Java\jdk1.8.0_301\jre\lib\rt.jar]
[Loaded java.lang.Runnable from C:\Program Files\Java\jdk1.8.0_301\jre\lib\rt.jar]
[Loaded java.lang.Thread from C:\Program Files\Java\jdk1.8.0_301\jre\lib\rt.jar]
[Loaded java.lang.Thread$UncaughtExceptionHandler from C:\Program Files\Java\jdk1.8.0_301\jre\lib\rt.jar]
[Loaded java.lang.ThreadGroup from C:\Program Files\Java\jdk1.8.0_301\jre\lib\rt.jar]
[Loaded java.util.Map from C:\Program Files\Java\jdk1.8.0_301\jre\lib\rt.jar]
[Loaded java.util.Dictionary from C:\Program Files\Java\jdk1.8.0_301\jre\lib\rt.jar]
[Loaded java.util.Hashtable from C:\Program Files\Java\jdk1.8.0_301\jre\lib\rt.jar]
[Loaded java.util.Properties from C:\Program Files\Java\jdk1.8.0_301\jre\lib\rt.jar]
[Loaded java.lang.reflect.AccessibleObject from C:\Program Files\Java\jdk1.8.0_301\jre\lib\rt.jar]
[Loaded java.lang.reflect.Member from C:\Program Files\Java\jdk1.8.0_301\jre\lib\rt.jar]
[Loaded java.lang.reflect.Field from C:\Program Files\Java\jdk1.8.0_301\jre\lib\rt.jar]
[Loaded java.lang.reflect.Parameter from C:\Program Files\Java\jdk1.8.0_301\jre\lib\rt.jar]
[Loaded java.lang.reflect.Executable from C:\Program Files\Java\jdk1.8.0_301\jre\lib\rt.jar]
[Loaded java.lang.reflect.Method from C:\Program Files\Java\jdk1.8.0_301\jre\lib\rt.jar]
[Loaded java.lang.reflect.Constructor from C:\Program Files\Java\jdk1.8.0_301\jre\lib\rt.jar]
[Loaded sun.reflect.MagicAccessorImpl from C:\Program Files\Java\jdk1.8.0_301\jre\lib\rt.jar]
[Loaded sun.reflect.MethodAccessor from C:\Program Files\Java\jdk1.8.0_301\jre\lib\rt.jar]
[Loaded sun.reflect.MethodAccessorImpl from C:\Program Files\Java\jdk1.8.0_301\jre\lib\rt.jar]
[Loaded sun.reflect.ConstructorAccessor from C:\Program Files\Java\jdk1.8.0_301\jre\lib\rt.jar]
[Loaded sun.reflect.ConstructorAccessorImpl from C:\Program Files\Java\jdk1.8.0_301\jre\lib\rt.jar]
[Loaded sun.reflect.DelegatingClassLoader from C:\Program Files\Java\jdk1.8.0_301\jre\lib\rt.jar]
[Loaded sun.reflect.ConstantPool from C:\Program Files\Java\jdk1.8.0_301\jre\lib\rt.jar]
[Loaded sun.reflect.FieldAccessor from C:\Program Files\Java\jdk1.8.0_301\jre\lib\rt.jar]
[Loaded sun.reflect.FieldAccessorImpl from C:\Program Files\Java\jdk1.8.0_301\jre\lib\rt.jar]
[Loaded sun.reflect.UnsafeFieldAccessorImpl from C:\Program Files\Java\jdk1.8.0_301\jre\lib\rt.jar]
[Loaded sun.reflect.UnsafeStaticFieldAccessorImpl from C:\Program Files\Java\jdk1.8.0_301\jre\lib\rt.jar]
[Loaded java.lang.annotation.Annotation from C:\Program Files\Java\jdk1.8.0_301\jre\lib\rt.jar]
[Loaded sun.reflect.CallerSensitive from C:\Program Files\Java\jdk1.8.0_301\jre\lib\rt.jar]
[Loaded java.lang.invoke.MethodHandle from C:\Program Files\Java\jdk1.8.0_301\jre\lib\rt.jar]
[Loaded java.lang.invoke.DirectMethodHandle from C:\Program Files\Java\jdk1.8.0_301\jre\lib\rt.jar]
[Loaded java.lang.invoke.MemberName from C:\Program Files\Java\jdk1.8.0_301\jre\lib\rt.jar]
[Loaded java.lang.invoke.MethodHandleNatives from C:\Program Files\Java\jdk1.8.0_301\jre\lib\rt.jar]
[Loaded java.lang.invoke.LambdaForm from C:\Program Files\Java\jdk1.8.0_301\jre\lib\rt.jar]
[Loaded java.lang.invoke.MethodType from C:\Program Files\Java\jdk1.8.0_301\jre\lib\rt.jar]
[Loaded java.lang.BootstrapMethodError from C:\Program Files\Java\jdk1.8.0_301\jre\lib\rt.jar]
[Loaded java.lang.invoke.CallSite from C:\Program Files\Java\jdk1.8.0_301\jre\lib\rt.jar]
[Loaded java.lang.invoke.ConstantCallSite from C:\Program Files\Java\jdk1.8.0_301\jre\lib\rt.jar]
[Loaded java.lang.invoke.MutableCallSite from C:\Program Files\Java\jdk1.8.0_301\jre\lib\rt.jar]
[Loaded java.lang.invoke.VolatileCallSite from C:\Program Files\Java\jdk1.8.0_301\jre\lib\rt.jar]
[Loaded java.lang.Appendable from C:\Program Files\Java\jdk1.8.0_301\jre\lib\rt.jar]
[Loaded java.lang.AbstractStringBuilder from C:\Program Files\Java\jdk1.8.0_301\jre\lib\rt.jar]
[Loaded java.lang.StringBuffer from C:\Program Files\Java\jdk1.8.0_301\jre\lib\rt.jar]
[Loaded java.lang.StringBuilder from C:\Program Files\Java\jdk1.8.0_301\jre\lib\rt.jar]
[Loaded sun.misc.Unsafe from C:\Program Files\Java\jdk1.8.0_301\jre\lib\rt.jar]
[Loaded java.lang.AutoCloseable from C:\Program Files\Java\jdk1.8.0_301\jre\lib\rt.jar]
[Loaded java.io.Closeable from C:\Program Files\Java\jdk1.8.0_301\jre\lib\rt.jar]
[Loaded java.io.InputStream from C:\Program Files\Java\jdk1.8.0_301\jre\lib\rt.jar]
[Loaded java.io.ByteArrayInputStream from C:\Program Files\Java\jdk1.8.0_301\jre\lib\rt.jar]
[Loaded java.io.File from C:\Program Files\Java\jdk1.8.0_301\jre\lib\rt.jar]
[Loaded java.net.URLClassLoader from C:\Program Files\Java\jdk1.8.0_301\jre\lib\rt.jar]
[Loaded java.net.URL from C:\Program Files\Java\jdk1.8.0_301\jre\lib\rt.jar]
[Loaded java.util.jar.Manifest from C:\Program Files\Java\jdk1.8.0_301\jre\lib\rt.jar]
[Loaded sun.misc.Launcher from C:\Program Files\Java\jdk1.8.0_301\jre\lib\rt.jar]
[Loaded sun.misc.Launcher$AppClassLoader from C:\Program Files\Java\jdk1.8.0_301\jre\lib\rt.jar]
[Loaded sun.misc.Launcher$ExtClassLoader from C:\Program Files\Java\jdk1.8.0_301\jre\lib\rt.jar]
[Loaded java.security.CodeSource from C:\Program Files\Java\jdk1.8.0_301\jre\lib\rt.jar]
[Loaded java.lang.StackTraceElement from C:\Program Files\Java\jdk1.8.0_301\jre\lib\rt.jar]
[Loaded java.nio.Buffer from C:\Program Files\Java\jdk1.8.0_301\jre\lib\rt.jar]
[Loaded java.lang.Boolean from C:\Program Files\Java\jdk1.8.0_301\jre\lib\rt.jar]
[Loaded java.lang.Character from C:\Program Files\Java\jdk1.8.0_301\jre\lib\rt.jar]
[Loaded java.lang.Number from C:\Program Files\Java\jdk1.8.0_301\jre\lib\rt.jar]
[Loaded java.lang.Float from C:\Program Files\Java\jdk1.8.0_301\jre\lib\rt.jar]
[Loaded java.lang.Double from C:\Program Files\Java\jdk1.8.0_301\jre\lib\rt.jar]
[Loaded java.lang.Byte from C:\Program Files\Java\jdk1.8.0_301\jre\lib\rt.jar]
[Loaded java.lang.Short from C:\Program Files\Java\jdk1.8.0_301\jre\lib\rt.jar]
[Loaded java.lang.Integer from C:\Program Files\Java\jdk1.8.0_301\jre\lib\rt.jar]
[Loaded java.lang.Long from C:\Program Files\Java\jdk1.8.0_301\jre\lib\rt.jar]
[Loaded java.lang.NullPointerException from C:\Program Files\Java\jdk1.8.0_301\jre\lib\rt.jar]
[Loaded java.lang.ArithmeticException from C:\Program Files\Java\jdk1.8.0_301\jre\lib\rt.jar]
[Loaded java.io.ObjectStreamField from C:\Program Files\Java\jdk1.8.0_301\jre\lib\rt.jar]
[Loaded java.util.Comparator from C:\Program Files\Java\jdk1.8.0_301\jre\lib\rt.jar]
[Loaded java.lang.String$CaseInsensitiveComparator from C:\Program Files\Java\jdk1.8.0_301\jre\lib\rt.jar]
[Loaded java.security.Guard from C:\Program Files\Java\jdk1.8.0_301\jre\lib\rt.jar]
[Loaded java.security.Permission from C:\Program Files\Java\jdk1.8.0_301\jre\lib\rt.jar]
[Loaded java.security.BasicPermission from C:\Program Files\Java\jdk1.8.0_301\jre\lib\rt.jar]
[Loaded java.lang.RuntimePermission from C:\Program Files\Java\jdk1.8.0_301\jre\lib\rt.jar]
[Loaded java.security.AccessController from C:\Program Files\Java\jdk1.8.0_301\jre\lib\rt.jar]
[Loaded java.lang.reflect.ReflectPermission from C:\Program Files\Java\jdk1.8.0_301\jre\lib\rt.jar]
[Loaded java.security.PrivilegedAction from C:\Program Files\Java\jdk1.8.0_301\jre\lib\rt.jar]
[Loaded sun.reflect.ReflectionFactory$GetReflectionFactoryAction from C:\Program Files\Java\jdk1.8.0_301\jre\lib\rt.jar]
[Loaded java.security.cert.Certificate from C:\Program Files\Java\jdk1.8.0_301\jre\lib\rt.jar]
[Loaded java.lang.Iterable from C:\Program Files\Java\jdk1.8.0_301\jre\lib\rt.jar]
[Loaded java.util.Collection from C:\Program Files\Java\jdk1.8.0_301\jre\lib\rt.jar]
[Loaded java.util.List from C:\Program Files\Java\jdk1.8.0_301\jre\lib\rt.jar]
[Loaded java.util.RandomAccess from C:\Program Files\Java\jdk1.8.0_301\jre\lib\rt.jar]
[Loaded java.util.AbstractCollection from C:\Program Files\Java\jdk1.8.0_301\jre\lib\rt.jar]
[Loaded java.util.AbstractList from C:\Program Files\Java\jdk1.8.0_301\jre\lib\rt.jar]
[Loaded java.util.Vector from C:\Program Files\Java\jdk1.8.0_301\jre\lib\rt.jar]
[Loaded java.util.Stack from C:\Program Files\Java\jdk1.8.0_301\jre\lib\rt.jar]
[Loaded sun.reflect.ReflectionFactory from C:\Program Files\Java\jdk1.8.0_301\jre\lib\rt.jar]
[Loaded java.lang.ref.Reference$Lock from C:\Program Files\Java\jdk1.8.0_301\jre\lib\rt.jar]
[Loaded java.lang.ref.Reference$ReferenceHandler from C:\Program Files\Java\jdk1.8.0_301\jre\lib\rt.jar]
[Loaded java.lang.InterruptedException from C:\Program Files\Java\jdk1.8.0_301\jre\lib\rt.jar]
[Loaded java.util.ArrayList from C:\Program Files\Java\jdk1.8.0_301\jre\lib\rt.jar]
[Loaded java.util.Collections from C:\Program Files\Java\jdk1.8.0_301\jre\lib\rt.jar]
[Loaded java.util.Set from C:\Program Files\Java\jdk1.8.0_301\jre\lib\rt.jar]
[Loaded java.util.AbstractSet from C:\Program Files\Java\jdk1.8.0_301\jre\lib\rt.jar]
[Loaded java.util.Collections$EmptySet from C:\Program Files\Java\jdk1.8.0_301\jre\lib\rt.jar]
[Loaded java.util.Collections$EmptyList from C:\Program Files\Java\jdk1.8.0_301\jre\lib\rt.jar]
[Loaded java.util.AbstractMap from C:\Program Files\Java\jdk1.8.0_301\jre\lib\rt.jar]
[Loaded java.util.Collections$EmptyMap from C:\Program Files\Java\jdk1.8.0_301\jre\lib\rt.jar]
[Loaded java.util.Collections$UnmodifiableCollection from C:\Program Files\Java\jdk1.8.0_301\jre\lib\rt.jar]
[Loaded java.util.Collections$UnmodifiableList from C:\Program Files\Java\jdk1.8.0_301\jre\lib\rt.jar]
[Loaded java.util.Collections$UnmodifiableRandomAccessList from C:\Program Files\Java\jdk1.8.0_301\jre\lib\rt.jar]
[Loaded java.lang.ref.ReferenceQueue$Null from C:\Program Files\Java\jdk1.8.0_301\jre\lib\rt.jar]
[Loaded java.lang.ref.ReferenceQueue$Lock from C:\Program Files\Java\jdk1.8.0_301\jre\lib\rt.jar]
[Loaded sun.misc.JavaLangRefAccess from C:\Program Files\Java\jdk1.8.0_301\jre\lib\rt.jar]
[Loaded java.lang.ref.Reference$1 from C:\Program Files\Java\jdk1.8.0_301\jre\lib\rt.jar]
[Loaded sun.misc.SharedSecrets from C:\Program Files\Java\jdk1.8.0_301\jre\lib\rt.jar]
[Loaded java.lang.IncompatibleClassChangeError from C:\Program Files\Java\jdk1.8.0_301\jre\lib\rt.jar]
[Loaded java.lang.NoSuchMethodError from C:\Program Files\Java\jdk1.8.0_301\jre\lib\rt.jar]
[Loaded sun.reflect.Reflection from C:\Program Files\Java\jdk1.8.0_301\jre\lib\rt.jar]
[Loaded java.util.HashMap from C:\Program Files\Java\jdk1.8.0_301\jre\lib\rt.jar]
[Loaded java.util.Map$Entry from C:\Program Files\Java\jdk1.8.0_301\jre\lib\rt.jar]
[Loaded java.util.HashMap$Node from C:\Program Files\Java\jdk1.8.0_301\jre\lib\rt.jar]
[Loaded sun.misc.VM from C:\Program Files\Java\jdk1.8.0_301\jre\lib\rt.jar]
[Loaded java.util.Hashtable$Entry from C:\Program Files\Java\jdk1.8.0_301\jre\lib\rt.jar]
[Loaded java.lang.Math from C:\Program Files\Java\jdk1.8.0_301\jre\lib\rt.jar]
[Loaded java.lang.ref.Finalizer$FinalizerThread from C:\Program Files\Java\jdk1.8.0_301\jre\lib\rt.jar]
[Loaded java.util.Hashtable$EntrySet from C:\Program Files\Java\jdk1.8.0_301\jre\lib\rt.jar]
[Loaded java.util.Collections$SynchronizedCollection from C:\Program Files\Java\jdk1.8.0_301\jre\lib\rt.jar]
[Loaded java.util.Collections$SynchronizedSet from C:\Program Files\Java\jdk1.8.0_301\jre\lib\rt.jar]
[Loaded java.util.Objects from C:\Program Files\Java\jdk1.8.0_301\jre\lib\rt.jar]
[Loaded java.util.Enumeration from C:\Program Files\Java\jdk1.8.0_301\jre\lib\rt.jar]
[Loaded java.util.Iterator from C:\Program Files\Java\jdk1.8.0_301\jre\lib\rt.jar]
[Loaded java.util.Hashtable$Enumerator from C:\Program Files\Java\jdk1.8.0_301\jre\lib\rt.jar]
[Loaded java.lang.Runtime from C:\Program Files\Java\jdk1.8.0_301\jre\lib\rt.jar]
[Loaded sun.misc.Version from C:\Program Files\Java\jdk1.8.0_301\jre\lib\rt.jar]
[Loaded java.io.FileInputStream from C:\Program Files\Java\jdk1.8.0_301\jre\lib\rt.jar]
[Loaded java.io.FileDescriptor from C:\Program Files\Java\jdk1.8.0_301\jre\lib\rt.jar]
[Loaded sun.misc.JavaIOFileDescriptorAccess from C:\Program Files\Java\jdk1.8.0_301\jre\lib\rt.jar]
[Loaded java.io.FileDescriptor$1 from C:\Program Files\Java\jdk1.8.0_301\jre\lib\rt.jar]
[Loaded java.io.Flushable from C:\Program Files\Java\jdk1.8.0_301\jre\lib\rt.jar]
[Loaded java.io.OutputStream from C:\Program Files\Java\jdk1.8.0_301\jre\lib\rt.jar]
[Loaded java.io.FileOutputStream from C:\Program Files\Java\jdk1.8.0_301\jre\lib\rt.jar]
[Loaded java.io.FilterInputStream from C:\Program Files\Java\jdk1.8.0_301\jre\lib\rt.jar]
[Loaded java.io.BufferedInputStream from C:\Program Files\Java\jdk1.8.0_301\jre\lib\rt.jar]
[Loaded java.util.concurrent.atomic.AtomicReferenceFieldUpdater from C:\Program Files\Java\jdk1.8.0_301\jre\lib\rt.jar]
[Loaded java.util.concurrent.atomic.AtomicReferenceFieldUpdater$AtomicReferenceFieldUpdaterImpl from C:\Program Files\Java\jdk1.8.0_301\jre\lib\rt.jar]
[Loaded java.security.PrivilegedExceptionAction from C:\Program Files\Java\jdk1.8.0_301\jre\lib\rt.jar]
[Loaded java.util.concurrent.atomic.AtomicReferenceFieldUpdater$AtomicReferenceFieldUpdaterImpl$1 from C:\Program Files\Java\jdk1.8.0_301\jre\lib\rt.jar]
[Loaded java.lang.Class$3 from C:\Program Files\Java\jdk1.8.0_301\jre\lib\rt.jar]
[Loaded java.lang.Class$ReflectionData from C:\Program Files\Java\jdk1.8.0_301\jre\lib\rt.jar]
[Loaded java.lang.Class$Atomic from C:\Program Files\Java\jdk1.8.0_301\jre\lib\rt.jar]
[Loaded sun.reflect.generics.repository.AbstractRepository from C:\Program Files\Java\jdk1.8.0_301\jre\lib\rt.jar]
[Loaded sun.reflect.generics.repository.GenericDeclRepository from C:\Program Files\Java\jdk1.8.0_301\jre\lib\rt.jar]
[Loaded sun.reflect.generics.repository.ClassRepository from C:\Program Files\Java\jdk1.8.0_301\jre\lib\rt.jar]
[Loaded java.lang.Class$AnnotationData from C:\Program Files\Java\jdk1.8.0_301\jre\lib\rt.jar]
[Loaded sun.reflect.annotation.AnnotationType from C:\Program Files\Java\jdk1.8.0_301\jre\lib\rt.jar]
[Loaded java.util.WeakHashMap from C:\Program Files\Java\jdk1.8.0_301\jre\lib\rt.jar]
[Loaded java.lang.ClassValue$ClassValueMap from C:\Program Files\Java\jdk1.8.0_301\jre\lib\rt.jar]
[Loaded java.lang.reflect.Modifier from C:\Program Files\Java\jdk1.8.0_301\jre\lib\rt.jar]
[Loaded sun.reflect.LangReflectAccess from C:\Program Files\Java\jdk1.8.0_301\jre\lib\rt.jar]
[Loaded java.lang.reflect.ReflectAccess from C:\Program Files\Java\jdk1.8.0_301\jre\lib\rt.jar]
[Loaded sun.reflect.misc.ReflectUtil from C:\Program Files\Java\jdk1.8.0_301\jre\lib\rt.jar]
[Loaded java.util.Arrays from C:\Program Files\Java\jdk1.8.0_301\jre\lib\rt.jar]
[Loaded java.io.FilterOutputStream from C:\Program Files\Java\jdk1.8.0_301\jre\lib\rt.jar]
[Loaded java.io.PrintStream from C:\Program Files\Java\jdk1.8.0_301\jre\lib\rt.jar]
[Loaded java.io.BufferedOutputStream from C:\Program Files\Java\jdk1.8.0_301\jre\lib\rt.jar]
[Loaded java.io.Writer from C:\Program Files\Java\jdk1.8.0_301\jre\lib\rt.jar]
[Loaded java.io.OutputStreamWriter from C:\Program Files\Java\jdk1.8.0_301\jre\lib\rt.jar]
[Loaded sun.nio.cs.StreamEncoder from C:\Program Files\Java\jdk1.8.0_301\jre\lib\rt.jar]
[Loaded java.nio.charset.Charset from C:\Program Files\Java\jdk1.8.0_301\jre\lib\rt.jar]
[Loaded java.nio.charset.spi.CharsetProvider from C:\Program Files\Java\jdk1.8.0_301\jre\lib\rt.jar]
[Loaded sun.nio.cs.FastCharsetProvider from C:\Program Files\Java\jdk1.8.0_301\jre\lib\rt.jar]
[Loaded sun.nio.cs.StandardCharsets from C:\Program Files\Java\jdk1.8.0_301\jre\lib\rt.jar]
[Loaded sun.util.PreHashedMap from C:\Program Files\Java\jdk1.8.0_301\jre\lib\rt.jar]
[Loaded sun.nio.cs.StandardCharsets$Aliases from C:\Program Files\Java\jdk1.8.0_301\jre\lib\rt.jar]
[Loaded sun.nio.cs.StandardCharsets$Classes from C:\Program Files\Java\jdk1.8.0_301\jre\lib\rt.jar]
[Loaded sun.nio.cs.StandardCharsets$Cache from C:\Program Files\Java\jdk1.8.0_301\jre\lib\rt.jar]
[Loaded java.lang.ThreadLocal from C:\Program Files\Java\jdk1.8.0_301\jre\lib\rt.jar]
[Loaded java.util.concurrent.atomic.AtomicInteger from C:\Program Files\Java\jdk1.8.0_301\jre\lib\rt.jar]
[Loaded sun.security.action.GetPropertyAction from C:\Program Files\Java\jdk1.8.0_301\jre\lib\rt.jar]
[Loaded sun.nio.cs.HistoricallyNamedCharset from C:\Program Files\Java\jdk1.8.0_301\jre\lib\rt.jar]
[Loaded sun.nio.cs.Unicode from C:\Program Files\Java\jdk1.8.0_301\jre\lib\rt.jar]
[Loaded sun.nio.cs.UTF_8 from C:\Program Files\Java\jdk1.8.0_301\jre\lib\rt.jar]
[Loaded java.lang.Class$1 from C:\Program Files\Java\jdk1.8.0_301\jre\lib\rt.jar]
[Loaded sun.reflect.ReflectionFactory$1 from C:\Program Files\Java\jdk1.8.0_301\jre\lib\rt.jar]
[Loaded sun.reflect.NativeConstructorAccessorImpl from C:\Program Files\Java\jdk1.8.0_301\jre\lib\rt.jar]
[Loaded sun.reflect.DelegatingConstructorAccessorImpl from C:\Program Files\Java\jdk1.8.0_301\jre\lib\rt.jar]
[Loaded sun.nio.cs.ArrayEncoder from C:\Program Files\Java\jdk1.8.0_301\jre\lib\rt.jar]
[Loaded java.nio.charset.CharsetEncoder from C:\Program Files\Java\jdk1.8.0_301\jre\lib\rt.jar]
[Loaded sun.nio.cs.UTF_8$Encoder from C:\Program Files\Java\jdk1.8.0_301\jre\lib\rt.jar]
[Loaded java.nio.charset.CodingErrorAction from C:\Program Files\Java\jdk1.8.0_301\jre\lib\rt.jar]
[Loaded java.nio.ByteBuffer from C:\Program Files\Java\jdk1.8.0_301\jre\lib\rt.jar]
[Loaded java.nio.HeapByteBuffer from C:\Program Files\Java\jdk1.8.0_301\jre\lib\rt.jar]
[Loaded java.nio.Bits from C:\Program Files\Java\jdk1.8.0_301\jre\lib\rt.jar]
[Loaded java.nio.ByteOrder from C:\Program Files\Java\jdk1.8.0_301\jre\lib\rt.jar]
[Loaded java.util.concurrent.atomic.AtomicLong from C:\Program Files\Java\jdk1.8.0_301\jre\lib\rt.jar]
[Loaded sun.misc.JavaNioAccess from C:\Program Files\Java\jdk1.8.0_301\jre\lib\rt.jar]
[Loaded java.nio.Bits$1 from C:\Program Files\Java\jdk1.8.0_301\jre\lib\rt.jar]
[Loaded java.io.BufferedWriter from C:\Program Files\Java\jdk1.8.0_301\jre\lib\rt.jar]
[Loaded java.io.DefaultFileSystem from C:\Program Files\Java\jdk1.8.0_301\jre\lib\rt.jar]
[Loaded java.io.FileSystem from C:\Program Files\Java\jdk1.8.0_301\jre\lib\rt.jar]
[Loaded java.io.WinNTFileSystem from C:\Program Files\Java\jdk1.8.0_301\jre\lib\rt.jar]
[Loaded java.io.ExpiringCache from C:\Program Files\Java\jdk1.8.0_301\jre\lib\rt.jar]
[Loaded java.util.LinkedHashMap from C:\Program Files\Java\jdk1.8.0_301\jre\lib\rt.jar]
[Loaded java.io.ExpiringCache$1 from C:\Program Files\Java\jdk1.8.0_301\jre\lib\rt.jar]
[Loaded java.lang.Enum from C:\Program Files\Java\jdk1.8.0_301\jre\lib\rt.jar]
[Loaded java.io.File$PathStatus from C:\Program Files\Java\jdk1.8.0_301\jre\lib\rt.jar]
[Loaded java.nio.file.Watchable from C:\Program Files\Java\jdk1.8.0_301\jre\lib\rt.jar]
[Loaded java.nio.file.Path from C:\Program Files\Java\jdk1.8.0_301\jre\lib\rt.jar]
[Loaded java.lang.ClassLoader$3 from C:\Program Files\Java\jdk1.8.0_301\jre\lib\rt.jar]
[Loaded java.io.ExpiringCache$Entry from C:\Program Files\Java\jdk1.8.0_301\jre\lib\rt.jar]
[Loaded java.util.LinkedHashMap$Entry from C:\Program Files\Java\jdk1.8.0_301\jre\lib\rt.jar]
[Loaded java.lang.ClassLoader$NativeLibrary from C:\Program Files\Java\jdk1.8.0_301\jre\lib\rt.jar]
[Loaded java.lang.Terminator from C:\Program Files\Java\jdk1.8.0_301\jre\lib\rt.jar]
[Loaded sun.misc.SignalHandler from C:\Program Files\Java\jdk1.8.0_301\jre\lib\rt.jar]
[Loaded java.lang.Terminator$1 from C:\Program Files\Java\jdk1.8.0_301\jre\lib\rt.jar]
[Loaded sun.misc.Signal from C:\Program Files\Java\jdk1.8.0_301\jre\lib\rt.jar]
[Loaded sun.misc.NativeSignalHandler from C:\Program Files\Java\jdk1.8.0_301\jre\lib\rt.jar]
[Loaded java.lang.Integer$IntegerCache from C:\Program Files\Java\jdk1.8.0_301\jre\lib\rt.jar]
[Loaded sun.misc.OSEnvironment from C:\Program Files\Java\jdk1.8.0_301\jre\lib\rt.jar]
[Loaded sun.io.Win32ErrorMode from C:\Program Files\Java\jdk1.8.0_301\jre\lib\rt.jar]
[Loaded sun.misc.JavaLangAccess from C:\Program Files\Java\jdk1.8.0_301\jre\lib\rt.jar]
[Loaded java.lang.System$2 from C:\Program Files\Java\jdk1.8.0_301\jre\lib\rt.jar]
[Loaded java.lang.IllegalArgumentException from C:\Program Files\Java\jdk1.8.0_301\jre\lib\rt.jar]
[Loaded java.lang.Compiler from C:\Program Files\Java\jdk1.8.0_301\jre\lib\rt.jar]
[Loaded java.lang.Compiler$1 from C:\Program Files\Java\jdk1.8.0_301\jre\lib\rt.jar]
[Loaded java.net.URLStreamHandlerFactory from C:\Program Files\Java\jdk1.8.0_301\jre\lib\rt.jar]
[Loaded sun.misc.Launcher$Factory from C:\Program Files\Java\jdk1.8.0_301\jre\lib\rt.jar]
[Loaded sun.security.util.Debug from C:\Program Files\Java\jdk1.8.0_301\jre\lib\rt.jar]
[Loaded java.lang.ClassLoader$ParallelLoaders from C:\Program Files\Java\jdk1.8.0_301\jre\lib\rt.jar]
[Loaded java.util.WeakHashMap$Entry from C:\Program Files\Java\jdk1.8.0_301\jre\lib\rt.jar]
[Loaded java.util.Collections$SetFromMap from C:\Program Files\Java\jdk1.8.0_301\jre\lib\rt.jar]
[Loaded java.util.WeakHashMap$KeySet from C:\Program Files\Java\jdk1.8.0_301\jre\lib\rt.jar]
[Loaded sun.misc.JavaNetAccess from C:\Program Files\Java\jdk1.8.0_301\jre\lib\rt.jar]
[Loaded java.net.URLClassLoader$7 from C:\Program Files\Java\jdk1.8.0_301\jre\lib\rt.jar]
[Loaded sun.misc.Launcher$ExtClassLoader$1 from C:\Program Files\Java\jdk1.8.0_301\jre\lib\rt.jar]
[Loaded java.util.StringTokenizer from C:\Program Files\Java\jdk1.8.0_301\jre\lib\rt.jar]
[Loaded sun.misc.MetaIndex from C:\Program Files\Java\jdk1.8.0_301\jre\lib\rt.jar]
[Loaded java.lang.Readable from C:\Program Files\Java\jdk1.8.0_301\jre\lib\rt.jar]
[Loaded java.io.Reader from C:\Program Files\Java\jdk1.8.0_301\jre\lib\rt.jar]
[Loaded java.io.BufferedReader from C:\Program Files\Java\jdk1.8.0_301\jre\lib\rt.jar]
[Loaded java.io.InputStreamReader from C:\Program Files\Java\jdk1.8.0_301\jre\lib\rt.jar]
[Loaded java.io.FileReader from C:\Program Files\Java\jdk1.8.0_301\jre\lib\rt.jar]
[Loaded sun.nio.cs.StreamDecoder from C:\Program Files\Java\jdk1.8.0_301\jre\lib\rt.jar]
[Loaded sun.nio.cs.ArrayDecoder from C:\Program Files\Java\jdk1.8.0_301\jre\lib\rt.jar]
[Loaded java.nio.charset.CharsetDecoder from C:\Program Files\Java\jdk1.8.0_301\jre\lib\rt.jar]
[Loaded sun.nio.cs.UTF_8$Decoder from C:\Program Files\Java\jdk1.8.0_301\jre\lib\rt.jar]
[Loaded java.nio.CharBuffer from C:\Program Files\Java\jdk1.8.0_301\jre\lib\rt.jar]
[Loaded java.nio.HeapCharBuffer from C:\Program Files\Java\jdk1.8.0_301\jre\lib\rt.jar]
[Loaded java.nio.charset.CoderResult from C:\Program Files\Java\jdk1.8.0_301\jre\lib\rt.jar]
[Loaded java.nio.charset.CoderResult$Cache from C:\Program Files\Java\jdk1.8.0_301\jre\lib\rt.jar]
[Loaded java.nio.charset.CoderResult$1 from C:\Program Files\Java\jdk1.8.0_301\jre\lib\rt.jar]
[Loaded java.nio.charset.CoderResult$2 from C:\Program Files\Java\jdk1.8.0_301\jre\lib\rt.jar]
[Loaded java.lang.reflect.Array from C:\Program Files\Java\jdk1.8.0_301\jre\lib\rt.jar]
[Loaded java.util.Locale from C:\Program Files\Java\jdk1.8.0_301\jre\lib\rt.jar]
[Loaded sun.util.locale.LocaleObjectCache from C:\Program Files\Java\jdk1.8.0_301\jre\lib\rt.jar]
[Loaded java.util.Locale$Cache from C:\Program Files\Java\jdk1.8.0_301\jre\lib\rt.jar]
[Loaded java.util.concurrent.ConcurrentMap from C:\Program Files\Java\jdk1.8.0_301\jre\lib\rt.jar]
[Loaded java.util.concurrent.ConcurrentHashMap from C:\Program Files\Java\jdk1.8.0_301\jre\lib\rt.jar]
[Loaded java.util.concurrent.locks.Lock from C:\Program Files\Java\jdk1.8.0_301\jre\lib\rt.jar]
[Loaded java.util.concurrent.locks.ReentrantLock from C:\Program Files\Java\jdk1.8.0_301\jre\lib\rt.jar]
[Loaded java.util.concurrent.ConcurrentHashMap$Segment from C:\Program Files\Java\jdk1.8.0_301\jre\lib\rt.jar]
[Loaded java.util.concurrent.ConcurrentHashMap$Node from C:\Program Files\Java\jdk1.8.0_301\jre\lib\rt.jar]
[Loaded java.util.concurrent.ConcurrentHashMap$CounterCell from C:\Program Files\Java\jdk1.8.0_301\jre\lib\rt.jar]
[Loaded java.util.concurrent.ConcurrentHashMap$CollectionView from C:\Program Files\Java\jdk1.8.0_301\jre\lib\rt.jar]
[Loaded java.util.concurrent.ConcurrentHashMap$KeySetView from C:\Program Files\Java\jdk1.8.0_301\jre\lib\rt.jar]
[Loaded java.util.concurrent.ConcurrentHashMap$ValuesView from C:\Program Files\Java\jdk1.8.0_301\jre\lib\rt.jar]
[Loaded java.util.concurrent.ConcurrentHashMap$EntrySetView from C:\Program Files\Java\jdk1.8.0_301\jre\lib\rt.jar]
[Loaded sun.util.locale.BaseLocale from C:\Program Files\Java\jdk1.8.0_301\jre\lib\rt.jar]
[Loaded sun.util.locale.BaseLocale$Cache from C:\Program Files\Java\jdk1.8.0_301\jre\lib\rt.jar]
[Loaded sun.util.locale.BaseLocale$Key from C:\Program Files\Java\jdk1.8.0_301\jre\lib\rt.jar]
[Loaded sun.util.locale.LocaleObjectCache$CacheEntry from C:\Program Files\Java\jdk1.8.0_301\jre\lib\rt.jar]
[Loaded java.util.Locale$LocaleKey from C:\Program Files\Java\jdk1.8.0_301\jre\lib\rt.jar]
[Loaded sun.util.locale.LocaleUtils from C:\Program Files\Java\jdk1.8.0_301\jre\lib\rt.jar]
[Loaded java.lang.CharacterData from C:\Program Files\Java\jdk1.8.0_301\jre\lib\rt.jar]
[Loaded java.lang.CharacterDataLatin1 from C:\Program Files\Java\jdk1.8.0_301\jre\lib\rt.jar]
[Loaded java.util.HashMap$TreeNode from C:\Program Files\Java\jdk1.8.0_301\jre\lib\rt.jar]
[Loaded java.io.FileInputStream$1 from C:\Program Files\Java\jdk1.8.0_301\jre\lib\rt.jar]
[Loaded sun.net.www.ParseUtil from C:\Program Files\Java\jdk1.8.0_301\jre\lib\rt.jar]
[Loaded java.util.BitSet from C:\Program Files\Java\jdk1.8.0_301\jre\lib\rt.jar]
[Loaded java.net.Parts from C:\Program Files\Java\jdk1.8.0_301\jre\lib\rt.jar]
[Loaded java.net.URLStreamHandler from C:\Program Files\Java\jdk1.8.0_301\jre\lib\rt.jar]
[Loaded sun.net.www.protocol.file.Handler from C:\Program Files\Java\jdk1.8.0_301\jre\lib\rt.jar]
[Loaded sun.net.util.IPAddressUtil from C:\Program Files\Java\jdk1.8.0_301\jre\lib\rt.jar]
[Loaded sun.misc.JavaSecurityAccess from C:\Program Files\Java\jdk1.8.0_301\jre\lib\rt.jar]
[Loaded java.security.ProtectionDomain$JavaSecurityAccessImpl from C:\Program Files\Java\jdk1.8.0_301\jre\lib\rt.jar]
[Loaded sun.misc.JavaSecurityProtectionDomainAccess from C:\Program Files\Java\jdk1.8.0_301\jre\lib\rt.jar]
[Loaded java.security.ProtectionDomain$2 from C:\Program Files\Java\jdk1.8.0_301\jre\lib\rt.jar]
[Loaded java.security.ProtectionDomain$Key from C:\Program Files\Java\jdk1.8.0_301\jre\lib\rt.jar]
[Loaded java.security.Principal from C:\Program Files\Java\jdk1.8.0_301\jre\lib\rt.jar]
[Loaded sun.misc.URLClassPath from C:\Program Files\Java\jdk1.8.0_301\jre\lib\rt.jar]
[Loaded sun.net.www.protocol.jar.Handler from C:\Program Files\Java\jdk1.8.0_301\jre\lib\rt.jar]
[Loaded sun.misc.Launcher$AppClassLoader$1 from C:\Program Files\Java\jdk1.8.0_301\jre\lib\rt.jar]
[Loaded java.lang.SystemClassLoaderAction from C:\Program Files\Java\jdk1.8.0_301\jre\lib\rt.jar]
[Loaded java.lang.InternalError from C:\Program Files\Java\jdk1.8.0_301\jre\lib\rt.jar]
[Loaded java.lang.instrument.Instrumentation from C:\Program Files\Java\jdk1.8.0_301\jre\lib\rt.jar]
[Loaded sun.instrument.InstrumentationImpl from C:\Program Files\Java\jdk1.8.0_301\jre\lib\rt.jar]
[Loaded sun.instrument.TransformerManager from C:\Program Files\Java\jdk1.8.0_301\jre\lib\rt.jar]
[Loaded sun.instrument.TransformerManager$TransformerInfo from C:\Program Files\Java\jdk1.8.0_301\jre\lib\rt.jar]
[Loaded java.net.URLClassLoader$1 from C:\Program Files\Java\jdk1.8.0_301\jre\lib\rt.jar]
[Loaded sun.net.util.URLUtil from C:\Program Files\Java\jdk1.8.0_301\jre\lib\rt.jar]
[Loaded sun.misc.URLClassPath$3 from C:\Program Files\Java\jdk1.8.0_301\jre\lib\rt.jar]
[Loaded sun.misc.URLClassPath$Loader from C:\Program Files\Java\jdk1.8.0_301\jre\lib\rt.jar]
[Loaded sun.misc.URLClassPath$JarLoader from C:\Program Files\Java\jdk1.8.0_301\jre\lib\rt.jar]
[Loaded java.util.zip.ZipConstants from C:\Program Files\Java\jdk1.8.0_301\jre\lib\rt.jar]
[Loaded java.util.zip.ZipFile from C:\Program Files\Java\jdk1.8.0_301\jre\lib\rt.jar]
[Loaded sun.misc.JavaUtilZipFileAccess from C:\Program Files\Java\jdk1.8.0_301\jre\lib\rt.jar]
[Loaded java.util.zip.ZipFile$1 from C:\Program Files\Java\jdk1.8.0_301\jre\lib\rt.jar]
[Loaded sun.nio.cs.ThreadLocalCoders from C:\Program Files\Java\jdk1.8.0_301\jre\lib\rt.jar]
[Loaded sun.nio.cs.ThreadLocalCoders$Cache from C:\Program Files\Java\jdk1.8.0_301\jre\lib\rt.jar]
[Loaded sun.nio.cs.ThreadLocalCoders$1 from C:\Program Files\Java\jdk1.8.0_301\jre\lib\rt.jar]
[Loaded sun.nio.cs.ThreadLocalCoders$2 from C:\Program Files\Java\jdk1.8.0_301\jre\lib\rt.jar]
[Loaded java.lang.ThreadLocal$ThreadLocalMap from C:\Program Files\Java\jdk1.8.0_301\jre\lib\rt.jar]
[Loaded java.lang.ThreadLocal$ThreadLocalMap$Entry from C:\Program Files\Java\jdk1.8.0_301\jre\lib\rt.jar]
[Loaded sun.misc.URLClassPath$JarLoader$1 from C:\Program Files\Java\jdk1.8.0_301\jre\lib\rt.jar]
[Loaded sun.misc.FileURLMapper from C:\Program Files\Java\jdk1.8.0_301\jre\lib\rt.jar]
[Loaded java.util.jar.JarFile from C:\Program Files\Java\jdk1.8.0_301\jre\lib\rt.jar]
[Loaded sun.misc.JavaUtilJarAccess from C:\Program Files\Java\jdk1.8.0_301\jre\lib\rt.jar]
[Loaded java.util.jar.JavaUtilJarAccessImpl from C:\Program Files\Java\jdk1.8.0_301\jre\lib\rt.jar]
[Loaded java.nio.charset.StandardCharsets from C:\Program Files\Java\jdk1.8.0_301\jre\lib\rt.jar]
[Loaded sun.nio.cs.US_ASCII from C:\Program Files\Java\jdk1.8.0_301\jre\lib\rt.jar]
[Loaded sun.nio.cs.ISO_8859_1 from C:\Program Files\Java\jdk1.8.0_301\jre\lib\rt.jar]
[Loaded sun.nio.cs.UTF_16BE from C:\Program Files\Java\jdk1.8.0_301\jre\lib\rt.jar]
[Loaded sun.nio.cs.UTF_16LE from C:\Program Files\Java\jdk1.8.0_301\jre\lib\rt.jar]
[Loaded sun.nio.cs.UTF_16 from C:\Program Files\Java\jdk1.8.0_301\jre\lib\rt.jar]
[Loaded java.util.Queue from C:\Program Files\Java\jdk1.8.0_301\jre\lib\rt.jar]
[Loaded java.util.Deque from C:\Program Files\Java\jdk1.8.0_301\jre\lib\rt.jar]
[Loaded java.util.ArrayDeque from C:\Program Files\Java\jdk1.8.0_301\jre\lib\rt.jar]
[Loaded java.util.zip.ZipCoder from C:\Program Files\Java\jdk1.8.0_301\jre\lib\rt.jar]
[Loaded sun.misc.PerfCounter from C:\Program Files\Java\jdk1.8.0_301\jre\lib\rt.jar]
[Loaded sun.misc.Perf$GetPerfAction from C:\Program Files\Java\jdk1.8.0_301\jre\lib\rt.jar]
[Loaded sun.misc.Perf from C:\Program Files\Java\jdk1.8.0_301\jre\lib\rt.jar]
[Loaded sun.misc.PerfCounter$CoreCounters from C:\Program Files\Java\jdk1.8.0_301\jre\lib\rt.jar]
[Loaded sun.nio.ch.DirectBuffer from C:\Program Files\Java\jdk1.8.0_301\jre\lib\rt.jar]
[Loaded java.nio.MappedByteBuffer from C:\Program Files\Java\jdk1.8.0_301\jre\lib\rt.jar]
[Loaded java.nio.DirectByteBuffer from C:\Program Files\Java\jdk1.8.0_301\jre\lib\rt.jar]
[Loaded java.nio.LongBuffer from C:\Program Files\Java\jdk1.8.0_301\jre\lib\rt.jar]
[Loaded java.nio.DirectLongBufferU from C:\Program Files\Java\jdk1.8.0_301\jre\lib\rt.jar]
[Loaded sun.misc.JarIndex from C:\Program Files\Java\jdk1.8.0_301\jre\lib\rt.jar]
[Loaded sun.misc.ExtensionDependency from C:\Program Files\Java\jdk1.8.0_301\jre\lib\rt.jar]
[Loaded java.util.zip.ZipEntry from C:\Program Files\Java\jdk1.8.0_301\jre\lib\rt.jar]
[Loaded java.util.jar.JarEntry from C:\Program Files\Java\jdk1.8.0_301\jre\lib\rt.jar]
[Loaded java.util.jar.JarFile$JarFileEntry from C:\Program Files\Java\jdk1.8.0_301\jre\lib\rt.jar]
[Loaded java.util.zip.ZipFile$ZipFileInputStream from C:\Program Files\Java\jdk1.8.0_301\jre\lib\rt.jar]
[Loaded sun.misc.IOUtils from C:\Program Files\Java\jdk1.8.0_301\jre\lib\rt.jar]
[Loaded java.util.zip.Inflater from C:\Program Files\Java\jdk1.8.0_301\jre\lib\rt.jar]
[Loaded java.util.zip.ZStreamRef from C:\Program Files\Java\jdk1.8.0_301\jre\lib\rt.jar]
[Loaded java.util.zip.InflaterInputStream from C:\Program Files\Java\jdk1.8.0_301\jre\lib\rt.jar]
[Loaded java.util.zip.ZipFile$ZipFileInflaterInputStream from C:\Program Files\Java\jdk1.8.0_301\jre\lib\rt.jar]
[Loaded java.util.AbstractSequentialList from C:\Program Files\Java\jdk1.8.0_301\jre\lib\rt.jar]
[Loaded java.util.LinkedList from C:\Program Files\Java\jdk1.8.0_301\jre\lib\rt.jar]
[Loaded java.util.LinkedList$Node from C:\Program Files\Java\jdk1.8.0_301\jre\lib\rt.jar]
[Loaded java.util.HashSet from C:\Program Files\Java\jdk1.8.0_301\jre\lib\rt.jar]
[Loaded sun.misc.URLClassPath$FileLoader from C:\Program Files\Java\jdk1.8.0_301\jre\lib\rt.jar]
[Loaded sun.misc.Resource from C:\Program Files\Java\jdk1.8.0_301\jre\lib\rt.jar]
[Loaded sun.misc.URLClassPath$JarLoader$2 from C:\Program Files\Java\jdk1.8.0_301\jre\lib\rt.jar]
[Loaded java.util.jar.Attributes from C:\Program Files\Java\jdk1.8.0_301\jre\lib\rt.jar]
[Loaded java.util.jar.Manifest$FastInputStream from C:\Program Files\Java\jdk1.8.0_301\jre\lib\rt.jar]
[Loaded java.lang.StringCoding from C:\Program Files\Java\jdk1.8.0_301\jre\lib\rt.jar]
[Loaded java.lang.StringCoding$StringDecoder from C:\Program Files\Java\jdk1.8.0_301\jre\lib\rt.jar]
[Loaded java.util.jar.Attributes$Name from C:\Program Files\Java\jdk1.8.0_301\jre\lib\rt.jar]
[Loaded sun.misc.ASCIICaseInsensitiveComparator from C:\Program Files\Java\jdk1.8.0_301\jre\lib\rt.jar]
[Loaded java.lang.Package from C:\Program Files\Java\jdk1.8.0_301\jre\lib\rt.jar]
[Loaded sun.nio.ByteBuffered from C:\Program Files\Java\jdk1.8.0_301\jre\lib\rt.jar]
[Loaded java.security.PermissionCollection from C:\Program Files\Java\jdk1.8.0_301\jre\lib\rt.jar]
[Loaded java.security.Permissions from C:\Program Files\Java\jdk1.8.0_301\jre\lib\rt.jar]
[Loaded java.net.URLConnection from C:\Program Files\Java\jdk1.8.0_301\jre\lib\rt.jar]
[Loaded sun.net.www.URLConnection from C:\Program Files\Java\jdk1.8.0_301\jre\lib\rt.jar]
[Loaded sun.net.www.protocol.file.FileURLConnection from C:\Program Files\Java\jdk1.8.0_301\jre\lib\rt.jar]
[Loaded sun.net.www.MessageHeader from C:\Program Files\Java\jdk1.8.0_301\jre\lib\rt.jar]
[Loaded java.io.FilePermission from C:\Program Files\Java\jdk1.8.0_301\jre\lib\rt.jar]
[Loaded java.io.FilePermission$1 from C:\Program Files\Java\jdk1.8.0_301\jre\lib\rt.jar]
[Loaded java.io.FilePermissionCollection from C:\Program Files\Java\jdk1.8.0_301\jre\lib\rt.jar]
[Loaded java.security.AllPermission from C:\Program Files\Java\jdk1.8.0_301\jre\lib\rt.jar]
[Loaded java.security.UnresolvedPermission from C:\Program Files\Java\jdk1.8.0_301\jre\lib\rt.jar]
[Loaded java.security.BasicPermissionCollection from C:\Program Files\Java\jdk1.8.0_301\jre\lib\rt.jar]
[Loaded com.intellij.rt.execution.application.AppMainV2$Agent from file:/C:/Program%20Files/JetBrains/IntelliJ%20IDEA%20Educational%20Edition%202020.1.2/lib/idea_rt.jar]
[Loaded sun.instrument.InstrumentationImpl$1 from C:\Program Files\Java\jdk1.8.0_301\jre\lib\rt.jar]
[Loaded sun.reflect.NativeMethodAccessorImpl from C:\Program Files\Java\jdk1.8.0_301\jre\lib\rt.jar]
[Loaded sun.reflect.DelegatingMethodAccessorImpl from C:\Program Files\Java\jdk1.8.0_301\jre\lib\rt.jar]
[Loaded com.intellij.rt.execution.application.AppMainV2 from file:/C:/Program%20Files/JetBrains/IntelliJ%20IDEA%20Educational%20Edition%202020.1.2/lib/idea_rt.jar]
[Loaded com.intellij.rt.execution.application.AppMainV2$1 from file:/C:/Program%20Files/JetBrains/IntelliJ%20IDEA%20Educational%20Edition%202020.1.2/lib/idea_rt.jar]
[Loaded java.util.concurrent.ConcurrentHashMap$ForwardingNode from C:\Program Files\Java\jdk1.8.0_301\jre\lib\rt.jar]
[Loaded java.lang.reflect.InvocationTargetException from C:\Program Files\Java\jdk1.8.0_301\jre\lib\rt.jar]
[Loaded java.lang.NoSuchMethodException from C:\Program Files\Java\jdk1.8.0_301\jre\lib\rt.jar]
<writer thread='285064'/>
[Loaded java.net.Socket from C:\Program Files\Java\jdk1.8.0_301\jre\lib\rt.jar]
[Loaded java.net.SocketAddress from C:\Program Files\Java\jdk1.8.0_301\jre\lib\rt.jar]
[Loaded java.net.InetSocketAddress from C:\Program Files\Java\jdk1.8.0_301\jre\lib\rt.jar]
<writer thread='285068'/>
<thread_logfile thread='285068' filename='C:\Users\praka\AppData\Local\Temp\\hs_c285068_pid284936.log'/>
<writer thread='285072'/>
<thread_logfile thread='285072' filename='C:\Users\praka\AppData\Local\Temp\\hs_c285072_pid284936.log'/>
<writer thread='284992'/>
[Loaded java.lang.invoke.MethodHandleImpl from C:\Program Files\Java\jdk1.8.0_301\jre\lib\rt.jar]
<writer thread='285064'/>
[Loaded java.net.InetAddress from C:\Program Files\Java\jdk1.8.0_301\jre\lib\rt.jar]
<writer thread='285076'/>
<thread_logfile thread='285076' filename='C:\Users\praka\AppData\Local\Temp\\hs_c285076_pid284936.log'/>
<writer thread='284992'/>
[Loaded java.lang.invoke.MethodHandleImpl$1 from C:\Program Files\Java\jdk1.8.0_301\jre\lib\rt.jar]
<writer thread='285064'/>
[Loaded java.net.InetSocketAddress$InetSocketAddressHolder from C:\Program Files\Java\jdk1.8.0_301\jre\lib\rt.jar]
<writer thread='284992'/>
[Loaded java.util.function.Function from C:\Program Files\Java\jdk1.8.0_301\jre\lib\rt.jar]
<writer thread='285064'/>
[Loaded sun.security.action.GetBooleanAction from C:\Program Files\Java\jdk1.8.0_301\jre\lib\rt.jar]
<writer thread='284992'/>
[Loaded java.lang.invoke.MethodHandleImpl$2 from C:\Program Files\Java\jdk1.8.0_301\jre\lib\rt.jar]
<writer thread='285064'/>
[Loaded java.net.InetAddress$1 from C:\Program Files\Java\jdk1.8.0_301\jre\lib\rt.jar]
<task_queued compile_id='1' method='java/lang/String indexOf (II)I' bytes='70' count='686' backedge_count='32768' iicount='686' level='3' stamp='0.695' comment='tiered' hot_count='686'/>
<writer thread='284992'/>
[Loaded java.lang.invoke.MethodHandleImpl$3 from C:\Program Files\Java\jdk1.8.0_301\jre\lib\rt.jar]
[Loaded java.lang.ClassValue from C:\Program Files\Java\jdk1.8.0_301\jre\lib\rt.jar]
<writer thread='285064'/>
<task_queued compile_id='2' method='java/lang/AbstractStringBuilder ensureCapacityInternal (I)V' bytes='27' count='13056' iicount='13056' stamp='0.699' comment='tiered' hot_count='13056'/>
<writer thread='284992'/>
[Loaded java.lang.invoke.MethodHandleImpl$4 from C:\Program Files\Java\jdk1.8.0_301\jre\lib\rt.jar]
[Loaded java.lang.ClassValue$Entry from C:\Program Files\Java\jdk1.8.0_301\jre\lib\rt.jar]
<writer thread='285064'/>
<task_queued compile_id='3' method='java/lang/String equals (Ljava/lang/Object;)Z' bytes='81' count='640' backedge_count='2820' iicount='640' level='3' stamp='0.702' comment='tiered' hot_count='640'/>
<writer thread='284992'/>
[Loaded java.lang.ClassValue$Identity from C:\Program Files\Java\jdk1.8.0_301\jre\lib\rt.jar]
[Loaded java.lang.ClassValue$Version from C:\Program Files\Java\jdk1.8.0_301\jre\lib\rt.jar]
[Loaded java.lang.invoke.MemberName$Factory from C:\Program Files\Java\jdk1.8.0_301\jre\lib\rt.jar]
[Loaded java.lang.invoke.MethodHandleStatics from C:\Program Files\Java\jdk1.8.0_301\jre\lib\rt.jar]
[Loaded java.lang.invoke.MethodHandleStatics$1 from C:\Program Files\Java\jdk1.8.0_301\jre\lib\rt.jar]
<task_queued compile_id='4' method='java/lang/String hashCode ()I' bytes='55' count='909' backedge_count='21504' iicount='909' level='3' stamp='0.703' comment='tiered' hot_count='909'/>
<blob name='MethodHandlesAdapterBlob' size='32000'>
<sect index='1' size='32000' free='31632'/>
</blob>
[Loaded sun.misc.PostVMInitHook from C:\Program Files\Java\jdk1.8.0_301\jre\lib\rt.jar]
